<?xml version="1.0" encoding="UTF-8"?>
<testng-results ignored="0" total="4" passed="4" failed="0" skipped="0">
  <reporter-output>
  </reporter-output>
  <suite started-at="2019-09-23T12:24:14Z" name="Default suite" finished-at="2019-09-23T12:24:25Z" duration-ms="11232">
    <groups>
    </groups>
    <test started-at="2019-09-23T12:24:14Z" name="Default test" finished-at="2019-09-23T12:24:25Z" duration-ms="11232">
      <class name="com.webservice.Testcasses.TC003_PUT_RequestMethod">
        <test-method is-config="true" signature="setup()[pri:0, instance:com.webservice.Testcasses.TC003_PUT_RequestMethod@3098cf3b]" started-at="2019-09-23T12:24:14Z" name="setup" finished-at="2019-09-23T12:24:14Z" duration-ms="351" status="PASS">
          <reporter-output>
          </reporter-output>
        </test-method> <!-- setup -->
        <test-method is-config="true" signature="putrequest()[pri:0, instance:com.webservice.Testcasses.TC003_PUT_RequestMethod@3098cf3b]" started-at="2019-09-23T12:24:14Z" name="putrequest" finished-at="2019-09-23T12:24:24Z" duration-ms="9679" status="PASS">
          <reporter-output>
          </reporter-output>
        </test-method> <!-- putrequest -->
        <test-method signature="getbody()[pri:1, instance:com.webservice.Testcasses.TC003_PUT_RequestMethod@3098cf3b]" started-at="2019-09-23T12:24:24Z" name="getbody" finished-at="2019-09-23T12:24:24Z" duration-ms="52" status="PASS">
          <reporter-output>
          </reporter-output>
        </test-method> <!-- getbody -->
        <test-method signature="responsecode()[pri:2, instance:com.webservice.Testcasses.TC003_PUT_RequestMethod@3098cf3b]" started-at="2019-09-23T12:24:24Z" name="responsecode" finished-at="2019-09-23T12:24:24Z" duration-ms="20" status="PASS">
          <reporter-output>
          </reporter-output>
        </test-method> <!-- responsecode -->
        <test-method signature="getdatafromresponsebody()[pri:3, instance:com.webservice.Testcasses.TC003_PUT_RequestMethod@3098cf3b]" started-at="2019-09-23T12:24:24Z" name="getdatafromresponsebody" finished-at="2019-09-23T12:24:25Z" duration-ms="1023" status="PASS">
          <reporter-output>
          </reporter-output>
        </test-method> <!-- getdatafromresponsebody -->
        <test-method signature="getallheader()[pri:4, instance:com.webservice.Testcasses.TC003_PUT_RequestMethod@3098cf3b]" started-at="2019-09-23T12:24:25Z" name="getallheader" finished-at="2019-09-23T12:24:25Z" duration-ms="0" status="PASS">
          <reporter-output>
          </reporter-output>
        </test-method> <!-- getallheader -->
        <test-method is-config="true" signature="teardown()[pri:0, instance:com.webservice.Testcasses.TC003_PUT_RequestMethod@3098cf3b]" started-at="2019-09-23T12:24:25Z" name="teardown" finished-at="2019-09-23T12:24:25Z" duration-ms="16" status="PASS">
          <reporter-output>
          </reporter-output>
        </test-method> <!-- teardown -->
      </class> <!-- com.webservice.Testcasses.TC003_PUT_RequestMethod -->
    </test> <!-- Default test -->
  </suite> <!-- Default suite -->
</testng-results>
