<?xml version="1.0" encoding="UTF-8"?>
<!-- Generated by org.testng.reporters.JUnitXMLReporter -->
<testsuite ignored="0" hostname="DESKTOP-FCV5DCP" failures="1" tests="7" name="Test" time="12.992" errors="0" timestamp="10 Sep 2019 17:16:02 GMT">
  <testcase classname="com.webservice.Testcasses.TC001_GET_GET_AllEmployee" name="getstatuscode" time="0.017"/>
  <testcase classname="com.webservice.Testcasses.TC001_GET_GET_AllEmployee" name="verifystatusline" time="0.008"/>
  <testcase classname="com.webservice.Testcasses.TC001_GET_GET_AllEmployee" name="statusbody" time="0.096"/>
  <testcase classname="com.webservice.Testcasses.TC001_GET_GET_AllEmployee" name="getcontenttype" time="0.008"/>
  <testcase classname="com.webservice.Testcasses.TC001_GET_GET_AllEmployee" name="getcontentencoding" time="0.004"/>
  <testcase classname="com.webservice.Testcasses.TC001_GET_GET_AllEmployee" name="getcontentlength" time="0.008">
    <failure type="java.lang.AssertionError" message="expected [true] but found [false]">
      <![CDATA[java.lang.AssertionError: expected [true] but found [false]
at com.webservice.Testcasses.TC001_GET_GET_AllEmployee.getcontentlength(TC001_GET_GET_AllEmployee.java:100)
... Removed 29 stack frames]]>
    </failure>
  </testcase> <!-- getcontentlength -->
  <testcase classname="com.webservice.Testcasses.TC001_GET_GET_AllEmployee" name="getcookie" time="0.008"/>
</testsuite> <!-- Test -->
